<?xml version="1.0" encoding="UTF-8"?>
<!-- Generated by org.testng.reporters.JUnitReportReporter -->
<testsuite hostname="Prabin" failures="0" tests="1" name="variousConcepts.CrmTest" time="5.821" errors="0" timestamp="03 Apr 2022 00:25:03 GMT" skipped="0">
  <testcase classname="variousConcepts.CrmTest" name="addCustomerTest" time="5.821"/>
</testsuite> <!-- variousConcepts.CrmTest -->
